<?xml version="1.0" encoding="UTF-8" ?>
<testsuites errors="0"
            failures="1"
            tests="1">

  <testsuite name="firstTest"
    errors="0" failures="1" hostname="" id="" package="firstTest" skipped="0"
    tests="1" time="0.007000" timestamp="Sat, 04 Feb 2017 19:29:36 GMT">
  
    <testcase name="navigate to google" time="0.007000" assertions="0"><failure message="AssertionError: Testing 5s: expected 4 to equal 5 - expected &quot;5&quot; but got: &quot;4&quot;">    at Object.module.exports.navigate to google (/Users/roberthelms/Desktop/AT&amp;T/nightwatch/tests/firstTest.js:14:32)</failure>
    </testcase>
  
  
  </testsuite>
</testsuites>
